<?xml version="1.0" encoding="UTF-8"?>
<!-- Generated by org.testng.reporters.JUnitXMLReporter -->
<testsuite ignored="0" hostname="DESKTOP-84OCTSU" failures="0" tests="3" name="Default test" time="6.237" errors="0" timestamp="2025-08-22T14:22:22 IST">
  <testcase classname="parallel_execution.TestClass1" name="testCase1" time="2.082"/>
  <testcase classname="parallel_execution.TestClass1" name="testCase2" time="2.005"/>
  <testcase classname="parallel_execution.TestClass1" name="testCase3" time="2.014"/>
</testsuite> <!-- Default test -->
