<?xml version="1.0" encoding="UTF-8"?>
<!-- Generated by org.testng.reporters.JUnitXMLReporter -->
<testsuite ignored="0" hostname="DESKTOP-84OCTSU" failures="0" tests="4" name="Test" time="0.398" errors="0" timestamp="2025-08-06T21:40:08 IST">
  <testcase classname="listeners.TestClass" name="testMethod1" time="0.115"/>
  <testcase classname="listeners.TestClass" name="testMethod2" time="0.007"/>
  <testcase classname="listeners.TestClass" name="testMethod3" time="0.014"/>
  <testcase classname="listeners.TestClass" name="testMethod4" time="0.007"/>
</testsuite> <!-- Test -->
