<?xml version="1.0" encoding="UTF-8"?>
<!-- Generated by org.testng.reporters.JUnitXMLReporter -->
<testsuite ignored="0" hostname="DESKTOP-84OCTSU" failures="0" tests="9" name="Test" time="2.442" errors="0" timestamp="22 Aug 2025 08:59:04 GMT">
  <testcase classname="parallel_execution.TestClass2" name="testCase6" time="2.209"/>
  <testcase classname="parallel_execution.TestClass1" name="testCase2" time="2.209"/>
  <testcase classname="parallel_execution.TestClass3" name="testCase7" time="2.209"/>
  <testcase classname="parallel_execution.TestClass2" name="testCase4" time="2.209"/>
  <testcase classname="parallel_execution.TestClass2" name="testCase5" time="2.209"/>
  <testcase classname="parallel_execution.TestClass3" name="testCase8" time="2.209"/>
  <testcase classname="parallel_execution.TestClass3" name="testCase9" time="2.209"/>
  <testcase classname="parallel_execution.TestClass1" name="testCase1" time="2.209"/>
  <testcase classname="parallel_execution.TestClass1" name="testCase3" time="2.209"/>
</testsuite> <!-- Test -->
