<?xml version="1.0" encoding="UTF-8"?>
<testng-results ignored="0" total="9" passed="9" failed="0" skipped="0">
  <reporter-output>
  </reporter-output>
  <suite started-at="2025-08-22T08:59:01Z" name="Suite" finished-at="2025-08-22T08:59:04Z" duration-ms="2442">
    <groups>
    </groups>
    <test started-at="2025-08-22T08:59:01Z" name="Test" finished-at="2025-08-22T08:59:04Z" duration-ms="2442">
      <class name="parallel_execution.TestClass2">
        <test-method signature="testCase4()[pri:0, instance:parallel_execution.TestClass2@4212a0c8]" started-at="2025-08-22T08:59:01Z" name="testCase4" finished-at="2025-08-22T08:59:03Z" duration-ms="2209" status="PASS">
          <reporter-output>
          </reporter-output>
        </test-method> <!-- testCase4 -->
        <test-method signature="testCase5()[pri:0, instance:parallel_execution.TestClass2@4212a0c8]" started-at="2025-08-22T08:59:01Z" name="testCase5" finished-at="2025-08-22T08:59:03Z" duration-ms="2209" status="PASS">
          <reporter-output>
          </reporter-output>
        </test-method> <!-- testCase5 -->
        <test-method signature="testCase6()[pri:0, instance:parallel_execution.TestClass2@4212a0c8]" started-at="2025-08-22T08:59:01Z" name="testCase6" finished-at="2025-08-22T08:59:03Z" duration-ms="2209" status="PASS">
          <reporter-output>
          </reporter-output>
        </test-method> <!-- testCase6 -->
      </class> <!-- parallel_execution.TestClass2 -->
      <class name="parallel_execution.TestClass3">
        <test-method signature="testCase8()[pri:0, instance:parallel_execution.TestClass3@1e7aa82b]" started-at="2025-08-22T08:59:01Z" name="testCase8" finished-at="2025-08-22T08:59:03Z" duration-ms="2209" status="PASS">
          <reporter-output>
          </reporter-output>
        </test-method> <!-- testCase8 -->
        <test-method signature="testCase7()[pri:0, instance:parallel_execution.TestClass3@1e7aa82b]" started-at="2025-08-22T08:59:01Z" name="testCase7" finished-at="2025-08-22T08:59:03Z" duration-ms="2209" status="PASS">
          <reporter-output>
          </reporter-output>
        </test-method> <!-- testCase7 -->
        <test-method signature="testCase9()[pri:0, instance:parallel_execution.TestClass3@1e7aa82b]" started-at="2025-08-22T08:59:01Z" name="testCase9" finished-at="2025-08-22T08:59:03Z" duration-ms="2209" status="PASS">
          <reporter-output>
          </reporter-output>
        </test-method> <!-- testCase9 -->
      </class> <!-- parallel_execution.TestClass3 -->
      <class name="parallel_execution.TestClass1">
        <test-method signature="testCase1()[pri:0, instance:parallel_execution.TestClass1@698122b2]" started-at="2025-08-22T08:59:01Z" name="testCase1" finished-at="2025-08-22T08:59:03Z" duration-ms="2209" status="PASS">
          <reporter-output>
          </reporter-output>
        </test-method> <!-- testCase1 -->
        <test-method signature="testCase2()[pri:0, instance:parallel_execution.TestClass1@698122b2]" started-at="2025-08-22T08:59:01Z" name="testCase2" finished-at="2025-08-22T08:59:03Z" duration-ms="2209" status="PASS">
          <reporter-output>
          </reporter-output>
        </test-method> <!-- testCase2 -->
        <test-method signature="testCase3()[pri:0, instance:parallel_execution.TestClass1@698122b2]" started-at="2025-08-22T08:59:01Z" name="testCase3" finished-at="2025-08-22T08:59:03Z" duration-ms="2209" status="PASS">
          <reporter-output>
          </reporter-output>
        </test-method> <!-- testCase3 -->
      </class> <!-- parallel_execution.TestClass1 -->
    </test> <!-- Test -->
  </suite> <!-- Suite -->
</testng-results>
