<?xml version="1.0" encoding="UTF-8"?>
<testng-results ignored="0" total="3" passed="3" failed="0" skipped="0">
  <reporter-output>
  </reporter-output>
  <suite started-at="2025-08-22T14:22:16 IST" name="Default suite" finished-at="2025-08-22T14:22:22 IST" duration-ms="6237">
    <groups>
    </groups>
    <test started-at="2025-08-22T14:22:16 IST" name="Default test" finished-at="2025-08-22T14:22:22 IST" duration-ms="6237">
      <class name="parallel_execution.TestClass1">
        <test-method signature="testCase1()[pri:0, instance:parallel_execution.TestClass1@55493582]" started-at="2025-08-22T14:22:16 IST" name="testCase1" finished-at="2025-08-22T14:22:18 IST" duration-ms="2082" status="PASS">
          <reporter-output>
          </reporter-output>
        </test-method> <!-- testCase1 -->
        <test-method signature="testCase2()[pri:0, instance:parallel_execution.TestClass1@55493582]" started-at="2025-08-22T14:22:18 IST" name="testCase2" finished-at="2025-08-22T14:22:20 IST" duration-ms="2005" status="PASS">
          <reporter-output>
          </reporter-output>
        </test-method> <!-- testCase2 -->
        <test-method signature="testCase3()[pri:0, instance:parallel_execution.TestClass1@55493582]" started-at="2025-08-22T14:22:20 IST" name="testCase3" finished-at="2025-08-22T14:22:22 IST" duration-ms="2014" status="PASS">
          <reporter-output>
          </reporter-output>
        </test-method> <!-- testCase3 -->
      </class> <!-- parallel_execution.TestClass1 -->
    </test> <!-- Default test -->
  </suite> <!-- Default suite -->
</testng-results>
